c:\users\tajimha.redmond\onedrive - microsoft\regfree winrt\regfree winrt sample\vcruntime140_app\vcruntime140_app\debug\vc141.pdb
c:\users\tajimha.redmond\onedrive - microsoft\regfree winrt\regfree winrt sample\vcruntime140_app\vcruntime140_app\debug\vc141.idb
c:\users\tajimha.redmond\onedrive - microsoft\regfree winrt\regfree winrt sample\vcruntime140_app\vcruntime140_app\debug\forwards.obj
c:\users\tajimha.redmond\onedrive - microsoft\regfree winrt\regfree winrt sample\vcruntime140_app\vcruntime140_app\module.def, forwards.cpp
c:\users\tajimha.redmond\onedrive - microsoft\regfree winrt\regfree winrt sample\vcruntime140_app\debug\vcruntime140_app.lib
c:\users\tajimha.redmond\onedrive - microsoft\regfree winrt\regfree winrt sample\vcruntime140_app\debug\vcruntime140_app.exp
c:\users\tajimha.redmond\onedrive - microsoft\regfree winrt\regfree winrt sample\vcruntime140_app\debug\vcruntime140_app.pdb
c:\users\tajimha.redmond\onedrive - microsoft\regfree winrt\regfree winrt sample\vcruntime140_app\debug\vcruntime140_app.dll
c:\users\tajimha.redmond\onedrive - microsoft\regfree winrt\regfree winrt sample\vcruntime140_app\debug\vcruntime140_app.ilk
c:\users\tajimha.redmond\onedrive - microsoft\regfree winrt\regfree winrt sample\vcruntime140_app\vcruntime140_app\debug\vcruntime140_app.tlog\cl.command.1.tlog
c:\users\tajimha.redmond\onedrive - microsoft\regfree winrt\regfree winrt sample\vcruntime140_app\vcruntime140_app\debug\vcruntime140_app.tlog\cl.read.1.tlog
c:\users\tajimha.redmond\onedrive - microsoft\regfree winrt\regfree winrt sample\vcruntime140_app\vcruntime140_app\debug\vcruntime140_app.tlog\cl.write.1.tlog
c:\users\tajimha.redmond\onedrive - microsoft\regfree winrt\regfree winrt sample\vcruntime140_app\vcruntime140_app\debug\vcruntime140_app.tlog\custombuildstep.write.1u.tlog
c:\users\tajimha.redmond\onedrive - microsoft\regfree winrt\regfree winrt sample\vcruntime140_app\vcruntime140_app\debug\vcruntime140_app.tlog\link.10904.delete.1.tlog
c:\users\tajimha.redmond\onedrive - microsoft\regfree winrt\regfree winrt sample\vcruntime140_app\vcruntime140_app\debug\vcruntime140_app.tlog\link.15148.delete.1.tlog
c:\users\tajimha.redmond\onedrive - microsoft\regfree winrt\regfree winrt sample\vcruntime140_app\vcruntime140_app\debug\vcruntime140_app.tlog\link.16212.read.1.tlog
c:\users\tajimha.redmond\onedrive - microsoft\regfree winrt\regfree winrt sample\vcruntime140_app\vcruntime140_app\debug\vcruntime140_app.tlog\link.16212.write.1.tlog
c:\users\tajimha.redmond\onedrive - microsoft\regfree winrt\regfree winrt sample\vcruntime140_app\vcruntime140_app\debug\vcruntime140_app.tlog\link.23272.delete.1.tlog
c:\users\tajimha.redmond\onedrive - microsoft\regfree winrt\regfree winrt sample\vcruntime140_app\vcruntime140_app\debug\vcruntime140_app.tlog\link.command.1.tlog
c:\users\tajimha.redmond\onedrive - microsoft\regfree winrt\regfree winrt sample\vcruntime140_app\vcruntime140_app\debug\vcruntime140_app.tlog\link.delete.1.tlog
c:\users\tajimha.redmond\onedrive - microsoft\regfree winrt\regfree winrt sample\vcruntime140_app\vcruntime140_app\debug\vcruntime140_app.tlog\link.read.1.tlog
c:\users\tajimha.redmond\onedrive - microsoft\regfree winrt\regfree winrt sample\vcruntime140_app\vcruntime140_app\debug\vcruntime140_app.tlog\link.write.1.tlog
c:\users\tajimha.redmond\onedrive - microsoft\regfree winrt\regfree winrt sample\vcruntime140_app\vcruntime140_app\debug\vcruntime140_app.tlog\vcruntime140_app.write.1u.tlog
