  Performing Custom Build Step
module.def : error LNK2001: unresolved external symbol C2VectParallel
module.def : error LNK2001: unresolved external symbol _Aligned_get_default_resource
module.def : error LNK2001: unresolved external symbol _Aligned_new_delete_resource
module.def : error LNK2001: unresolved external symbol _Aligned_set_default_resource
module.def : error LNK2001: unresolved external symbol _CreateFrameInfo
module.def : error LNK2001: unresolved external symbol _CxxThrowException
module.def : error LNK2001: unresolved external symbol _FindAndUnlinkFrame
module.def : error LNK2001: unresolved external symbol _IsExceptionObjectToBeDestroyed
module.def : error LNK2001: unresolved external symbol _SetWinRTOutOfMemoryExceptionCallback
module.def : error LNK2001: unresolved external symbol _Unaligned_get_default_resource
module.def : error LNK2001: unresolved external symbol _Unaligned_new_delete_resource
module.def : error LNK2001: unresolved external symbol _Unaligned_set_default_resource
module.def : error LNK2001: unresolved external symbol __AdjustPointer
module.def : error LNK2001: unresolved external symbol __BuildCatchObject
module.def : error LNK2001: unresolved external symbol __BuildCatchObjectHelper
module.def : error LNK2001: unresolved external symbol __C_specific_handler
module.def : error LNK2001: unresolved external symbol __C_specific_handler_noexcept
module.def : error LNK2001: unresolved external symbol __CxxDetectRethrow
module.def : error LNK2001: unresolved external symbol __CxxExceptionFilter
module.def : error LNK2001: unresolved external symbol __CxxFrameHandler
module.def : error LNK2001: unresolved external symbol __CxxFrameHandler2
module.def : error LNK2001: unresolved external symbol __CxxFrameHandler3
module.def : error LNK2001: unresolved external symbol __CxxQueryExceptionSize
module.def : error LNK2001: unresolved external symbol __CxxRegisterExceptionObject
module.def : error LNK2001: unresolved external symbol __CxxUnregisterExceptionObject
module.def : error LNK2001: unresolved external symbol __DestructExceptionObject
module.def : error LNK2001: unresolved external symbol __FrameUnwindFilter
module.def : error LNK2001: unresolved external symbol __GetPlatformExceptionInfo
module.def : error LNK2001: unresolved external symbol __NLG_Dispatch2
module.def : error LNK2001: unresolved external symbol __NLG_Return2
module.def : error LNK2001: unresolved external symbol __RTCastToVoid
module.def : error LNK2001: unresolved external symbol __RTDynamicCast
module.def : error LNK2001: unresolved external symbol __RTtypeid
module.def : error LNK2001: unresolved external symbol __TypeMatch
module.def : error LNK2001: unresolved external symbol __current_exception
module.def : error LNK2001: unresolved external symbol __current_exception_context
module.def : error LNK2001: unresolved external symbol __intrinsic_setjmp
module.def : error LNK2001: unresolved external symbol __intrinsic_setjmpex
module.def : error LNK2001: unresolved external symbol __processing_throw
module.def : error LNK2001: unresolved external symbol __report_gsfailure
module.def : error LNK2001: unresolved external symbol __std_exception_copy
module.def : error LNK2001: unresolved external symbol __std_exception_destroy
module.def : error LNK2001: unresolved external symbol __std_smf_assoc_laguerre
module.def : error LNK2001: unresolved external symbol __std_smf_assoc_laguerref
module.def : error LNK2001: unresolved external symbol __std_smf_assoc_legendre
module.def : error LNK2001: unresolved external symbol __std_smf_assoc_legendref
module.def : error LNK2001: unresolved external symbol __std_smf_beta
module.def : error LNK2001: unresolved external symbol __std_smf_betaf
module.def : error LNK2001: unresolved external symbol __std_smf_comp_ellint_1
module.def : error LNK2001: unresolved external symbol __std_smf_comp_ellint_1f
module.def : error LNK2001: unresolved external symbol __std_smf_comp_ellint_2
module.def : error LNK2001: unresolved external symbol __std_smf_comp_ellint_2f
module.def : error LNK2001: unresolved external symbol __std_smf_comp_ellint_3
module.def : error LNK2001: unresolved external symbol __std_smf_comp_ellint_3f
module.def : error LNK2001: unresolved external symbol __std_smf_cyl_bessel_i
module.def : error LNK2001: unresolved external symbol __std_smf_cyl_bessel_if
module.def : error LNK2001: unresolved external symbol __std_smf_cyl_bessel_j
module.def : error LNK2001: unresolved external symbol __std_smf_cyl_bessel_jf
module.def : error LNK2001: unresolved external symbol __std_smf_cyl_bessel_k
module.def : error LNK2001: unresolved external symbol __std_smf_cyl_bessel_kf
module.def : error LNK2001: unresolved external symbol __std_smf_cyl_neumann
module.def : error LNK2001: unresolved external symbol __std_smf_cyl_neumannf
module.def : error LNK2001: unresolved external symbol __std_smf_ellint_1
module.def : error LNK2001: unresolved external symbol __std_smf_ellint_1f
module.def : error LNK2001: unresolved external symbol __std_smf_ellint_2
module.def : error LNK2001: unresolved external symbol __std_smf_ellint_2f
module.def : error LNK2001: unresolved external symbol __std_smf_ellint_3
module.def : error LNK2001: unresolved external symbol __std_smf_ellint_3f
module.def : error LNK2001: unresolved external symbol __std_smf_expint
module.def : error LNK2001: unresolved external symbol __std_smf_expintf
module.def : error LNK2001: unresolved external symbol __std_smf_hermite
module.def : error LNK2001: unresolved external symbol __std_smf_hermitef
module.def : error LNK2001: unresolved external symbol __std_smf_hypot3
module.def : error LNK2001: unresolved external symbol __std_smf_hypot3f
module.def : error LNK2001: unresolved external symbol __std_smf_laguerre
module.def : error LNK2001: unresolved external symbol __std_smf_laguerref
module.def : error LNK2001: unresolved external symbol __std_smf_legendre
module.def : error LNK2001: unresolved external symbol __std_smf_legendref
module.def : error LNK2001: unresolved external symbol __std_smf_riemann_zeta
module.def : error LNK2001: unresolved external symbol __std_smf_riemann_zetaf
module.def : error LNK2001: unresolved external symbol __std_smf_sph_bessel
module.def : error LNK2001: unresolved external symbol __std_smf_sph_besself
module.def : error LNK2001: unresolved external symbol __std_smf_sph_legendre
module.def : error LNK2001: unresolved external symbol __std_smf_sph_legendref
module.def : error LNK2001: unresolved external symbol __std_smf_sph_neumann
module.def : error LNK2001: unresolved external symbol __std_smf_sph_neumannf
module.def : error LNK2001: unresolved external symbol __std_terminate
module.def : error LNK2001: unresolved external symbol __std_type_info_compare
module.def : error LNK2001: unresolved external symbol __std_type_info_destroy_list
module.def : error LNK2001: unresolved external symbol __std_type_info_hash
module.def : error LNK2001: unresolved external symbol __std_type_info_name
module.def : error LNK2001: unresolved external symbol __telemetry_main_invoke_trigger
module.def : error LNK2001: unresolved external symbol __telemetry_main_return_trigger
module.def : error LNK2001: unresolved external symbol __unDName
module.def : error LNK2001: unresolved external symbol __unDNameEx
module.def : error LNK2001: unresolved external symbol __uncaught_exception
module.def : error LNK2001: unresolved external symbol __uncaught_exceptions
module.def : error LNK2001: unresolved external symbol __vcrt_GetModuleFileNameW
module.def : error LNK2001: unresolved external symbol __vcrt_GetModuleHandleW
module.def : error LNK2001: unresolved external symbol __vcrt_InitializeCriticalSectionEx
module.def : error LNK2001: unresolved external symbol __vcrt_LoadLibraryExW
module.def : error LNK2001: unresolved external symbol _get_purecall_handler
module.def : error LNK2001: unresolved external symbol _get_unexpected
module.def : error LNK2001: unresolved external symbol _is_exception_typeof
module.def : error LNK2001: unresolved external symbol _local_unwind
module.def : error LNK2001: unresolved external symbol _purecall
module.def : error LNK2001: unresolved external symbol _set_purecall_handler
module.def : error LNK2001: unresolved external symbol _set_se_translator
module.def : error LNK2001: unresolved external symbol _vcomp_atomic_add_i1
module.def : error LNK2001: unresolved external symbol _vcomp_atomic_add_i2
module.def : error LNK2001: unresolved external symbol _vcomp_atomic_add_i4
module.def : error LNK2001: unresolved external symbol _vcomp_atomic_add_i8
module.def : error LNK2001: unresolved external symbol _vcomp_atomic_add_r4
module.def : error LNK2001: unresolved external symbol _vcomp_atomic_add_r8
module.def : error LNK2001: unresolved external symbol _vcomp_atomic_and_i1
module.def : error LNK2001: unresolved external symbol _vcomp_atomic_and_i2
module.def : error LNK2001: unresolved external symbol _vcomp_atomic_and_i4
module.def : error LNK2001: unresolved external symbol _vcomp_atomic_and_i8
module.def : error LNK2001: unresolved external symbol _vcomp_atomic_div_i1
module.def : error LNK2001: unresolved external symbol _vcomp_atomic_div_i2
module.def : error LNK2001: unresolved external symbol _vcomp_atomic_div_i4
module.def : error LNK2001: unresolved external symbol _vcomp_atomic_div_i8
module.def : error LNK2001: unresolved external symbol _vcomp_atomic_div_r4
module.def : error LNK2001: unresolved external symbol _vcomp_atomic_div_r8
module.def : error LNK2001: unresolved external symbol _vcomp_atomic_div_ui1
module.def : error LNK2001: unresolved external symbol _vcomp_atomic_div_ui2
module.def : error LNK2001: unresolved external symbol _vcomp_atomic_div_ui4
module.def : error LNK2001: unresolved external symbol _vcomp_atomic_div_ui8
module.def : error LNK2001: unresolved external symbol _vcomp_atomic_mul_i1
module.def : error LNK2001: unresolved external symbol _vcomp_atomic_mul_i2
module.def : error LNK2001: unresolved external symbol _vcomp_atomic_mul_i4
module.def : error LNK2001: unresolved external symbol _vcomp_atomic_mul_i8
module.def : error LNK2001: unresolved external symbol _vcomp_atomic_mul_r4
module.def : error LNK2001: unresolved external symbol _vcomp_atomic_mul_r8
module.def : error LNK2001: unresolved external symbol _vcomp_atomic_or_i1
module.def : error LNK2001: unresolved external symbol _vcomp_atomic_or_i2
module.def : error LNK2001: unresolved external symbol _vcomp_atomic_or_i4
module.def : error LNK2001: unresolved external symbol _vcomp_atomic_or_i8
module.def : error LNK2001: unresolved external symbol _vcomp_atomic_shl_i1
module.def : error LNK2001: unresolved external symbol _vcomp_atomic_shl_i2
module.def : error LNK2001: unresolved external symbol _vcomp_atomic_shl_i4
module.def : error LNK2001: unresolved external symbol _vcomp_atomic_shl_i8
module.def : error LNK2001: unresolved external symbol _vcomp_atomic_shr_i1
module.def : error LNK2001: unresolved external symbol _vcomp_atomic_shr_i2
module.def : error LNK2001: unresolved external symbol _vcomp_atomic_shr_i4
module.def : error LNK2001: unresolved external symbol _vcomp_atomic_shr_i8
module.def : error LNK2001: unresolved external symbol _vcomp_atomic_shr_ui1
module.def : error LNK2001: unresolved external symbol _vcomp_atomic_shr_ui2
module.def : error LNK2001: unresolved external symbol _vcomp_atomic_shr_ui4
module.def : error LNK2001: unresolved external symbol _vcomp_atomic_shr_ui8
module.def : error LNK2001: unresolved external symbol _vcomp_atomic_sub_i1
module.def : error LNK2001: unresolved external symbol _vcomp_atomic_sub_i2
module.def : error LNK2001: unresolved external symbol _vcomp_atomic_sub_i4
module.def : error LNK2001: unresolved external symbol _vcomp_atomic_sub_i8
module.def : error LNK2001: unresolved external symbol _vcomp_atomic_sub_r4
module.def : error LNK2001: unresolved external symbol _vcomp_atomic_sub_r8
module.def : error LNK2001: unresolved external symbol _vcomp_atomic_xor_i1
module.def : error LNK2001: unresolved external symbol _vcomp_atomic_xor_i2
module.def : error LNK2001: unresolved external symbol _vcomp_atomic_xor_i4
module.def : error LNK2001: unresolved external symbol _vcomp_atomic_xor_i8
module.def : error LNK2001: unresolved external symbol _vcomp_barrier
module.def : error LNK2001: unresolved external symbol _vcomp_copyprivate_broadcast
module.def : error LNK2001: unresolved external symbol _vcomp_copyprivate_receive
module.def : error LNK2001: unresolved external symbol _vcomp_enter_critsect
module.def : error LNK2001: unresolved external symbol _vcomp_flush
module.def : error LNK2001: unresolved external symbol _vcomp_for_dynamic_init
module.def : error LNK2001: unresolved external symbol _vcomp_for_dynamic_init_i8
module.def : error LNK2001: unresolved external symbol _vcomp_for_dynamic_next
module.def : error LNK2001: unresolved external symbol _vcomp_for_dynamic_next_i8
module.def : error LNK2001: unresolved external symbol _vcomp_for_static_end
module.def : error LNK2001: unresolved external symbol _vcomp_for_static_init
module.def : error LNK2001: unresolved external symbol _vcomp_for_static_init_i8
module.def : error LNK2001: unresolved external symbol _vcomp_for_static_simple_init
module.def : error LNK2001: unresolved external symbol _vcomp_for_static_simple_init_i8
module.def : error LNK2001: unresolved external symbol _vcomp_fork
module.def : error LNK2001: unresolved external symbol _vcomp_get_thread_num
module.def : error LNK2001: unresolved external symbol _vcomp_leave_critsect
module.def : error LNK2001: unresolved external symbol _vcomp_master_barrier
module.def : error LNK2001: unresolved external symbol _vcomp_master_begin
module.def : error LNK2001: unresolved external symbol _vcomp_master_end
module.def : error LNK2001: unresolved external symbol _vcomp_ordered_begin
module.def : error LNK2001: unresolved external symbol _vcomp_ordered_end
module.def : error LNK2001: unresolved external symbol _vcomp_ordered_loop_end
module.def : error LNK2001: unresolved external symbol _vcomp_reduction_i1
module.def : error LNK2001: unresolved external symbol _vcomp_reduction_i2
module.def : error LNK2001: unresolved external symbol _vcomp_reduction_i4
module.def : error LNK2001: unresolved external symbol _vcomp_reduction_i8
module.def : error LNK2001: unresolved external symbol _vcomp_reduction_r4
module.def : error LNK2001: unresolved external symbol _vcomp_reduction_r8
module.def : error LNK2001: unresolved external symbol _vcomp_reduction_u1
module.def : error LNK2001: unresolved external symbol _vcomp_reduction_u2
module.def : error LNK2001: unresolved external symbol _vcomp_reduction_u4
module.def : error LNK2001: unresolved external symbol _vcomp_reduction_u8
module.def : error LNK2001: unresolved external symbol _vcomp_sections_init
module.def : error LNK2001: unresolved external symbol _vcomp_sections_next
module.def : error LNK2001: unresolved external symbol _vcomp_set_num_threads
module.def : error LNK2001: unresolved external symbol _vcomp_single_begin
module.def : error LNK2001: unresolved external symbol _vcomp_single_end
module.def : error LNK2001: unresolved external symbol longjmp
module.def : error LNK2001: unresolved external symbol memchr
module.def : error LNK2001: unresolved external symbol memcmp
module.def : error LNK2001: unresolved external symbol memcpy
module.def : error LNK2001: unresolved external symbol memmove
module.def : error LNK2001: unresolved external symbol memset
module.def : error LNK2001: unresolved external symbol null_memory_resource
module.def : error LNK2001: unresolved external symbol omp_destroy_lock
module.def : error LNK2001: unresolved external symbol omp_destroy_nest_lock
module.def : error LNK2001: unresolved external symbol omp_get_dynamic
module.def : error LNK2001: unresolved external symbol omp_get_max_threads
module.def : error LNK2001: unresolved external symbol omp_get_nested
module.def : error LNK2001: unresolved external symbol omp_get_num_procs
module.def : error LNK2001: unresolved external symbol omp_get_num_threads
module.def : error LNK2001: unresolved external symbol omp_get_thread_num
module.def : error LNK2001: unresolved external symbol set_unexpected
module.def : error LNK2001: unresolved external symbol strchr
module.def : error LNK2001: unresolved external symbol strrchr
module.def : error LNK2001: unresolved external symbol strstr
module.def : error LNK2001: unresolved external symbol unexpected
module.def : error LNK2001: unresolved external symbol wcschr
module.def : error LNK2001: unresolved external symbol wcsrchr
module.def : error LNK2001: unresolved external symbol wcsstr
C:\Users\tajimha.REDMOND\OneDrive - Microsoft\RegFree WinRT\RegFree WinRT Sample\vcruntime140_app\Release\vcruntime140_app.lib : fatal error LNK1120: 221 unresolved externals
